make --dry-run --always-make --keep-going --print-directory
make: Entering directory '/opt/workspace/learn'
/usr/bin/cmake -S/opt/workspace/learn -B/opt/workspace/learn --check-build-system CMakeFiles/Makefile.cmake 0
/usr/bin/cmake -E cmake_progress_start /opt/workspace/learn/CMakeFiles /opt/workspace/learn/CMakeFiles/progress.marks
make -f CMakeFiles/Makefile2 all
make[1]: Entering directory '/opt/workspace/learn'
make -f learn/bin/CMakeFiles/static.dir/build.make learn/bin/CMakeFiles/static.dir/depend
 
make[2]: Entering directory '/opt/workspace/learn'
make[2]: Leaving directory '/opt/workspace/learn'
make -f learn/bin/CMakeFiles/shared.dir/build.make learn/bin/CMakeFiles/shared.dir/depend
make[2]: Entering directory '/opt/workspace/learn'
make[2]: Leaving directory '/opt/workspace/learn'
make -f learn/bin/CMakeFiles/same_static.dir/build.make learn/bin/CMakeFiles/same_static.dir/depend
make[2]: Entering directory '/opt/workspace/learn'
make[2]: Leaving directory '/opt/workspace/learn'
make[1]: Leaving directory '/opt/workspace/learn'
make: Leaving directory '/opt/workspace/learn'
 
make[2]: learn/bin/CMakeFiles/static.dir/build.make: No such file or directory
make[2]: *** No rule to make target 'learn/bin/CMakeFiles/static.dir/build.make'.
make[2]: Failed to remake makefile 'learn/bin/CMakeFiles/static.dir/build.make'.
make[2]: *** No rule to make target 'learn/bin/CMakeFiles/static.dir/depend'.
make[1]: *** [CMakeFiles/Makefile2:965: learn/bin/CMakeFiles/static.dir/all] Error 2
make[2]: learn/bin/CMakeFiles/shared.dir/build.make: No such file or directory
make[2]: *** No rule to make target 'learn/bin/CMakeFiles/shared.dir/build.make'.
make[2]: Failed to remake makefile 'learn/bin/CMakeFiles/shared.dir/build.make'.
make[2]: *** No rule to make target 'learn/bin/CMakeFiles/shared.dir/depend'.
make[1]: *** [CMakeFiles/Makefile2:911: learn/bin/CMakeFiles/shared.dir/all] Error 2
make[2]: learn/bin/CMakeFiles/same_static.dir/build.make: No such file or directory
make[2]: *** No rule to make target 'learn/bin/CMakeFiles/same_static.dir/build.make'.
make[2]: Failed to remake makefile 'learn/bin/CMakeFiles/same_static.dir/build.make'.
make[2]: *** No rule to make target 'learn/bin/CMakeFiles/same_static.dir/depend'.
make[1]: *** [CMakeFiles/Makefile2:938: learn/bin/CMakeFiles/same_static.dir/all] Error 2
make: *** [Makefile:117: all] Error 2

